[debug] [2025-08-14T15:47:50.175Z] ----------------------------------------------------------------------
[debug] [2025-08-14T15:47:50.182Z] Command:       C:\Program Files\nodejs\node.exe C:\Users\Chisom\AppData\Roaming\npm\node_modules\firebase-tools\lib\bin\firebase.js init
[debug] [2025-08-14T15:47:50.183Z] CLI Version:   14.12.0
[debug] [2025-08-14T15:47:50.183Z] Platform:      win32
[debug] [2025-08-14T15:47:50.183Z] Node Version:  v22.16.0
[debug] [2025-08-14T15:47:50.184Z] Time:          Thu Aug 14 2025 16:47:50 GMT+0100 (West Africa Standard Time)
[debug] [2025-08-14T15:47:50.184Z] ----------------------------------------------------------------------
[debug] 
[debug] [2025-08-14T15:47:50.195Z] > command requires scopes: ["email","openid","https://www.googleapis.com/auth/cloudplatformprojects.readonly","https://www.googleapis.com/auth/firebase","https://www.googleapis.com/auth/cloud-platform"]
[debug] [2025-08-14T15:47:50.196Z] > authorizing via signed-in user (uchisom10@gmail.com)
[info] 
     ######## #### ########  ######## ########     ###     ######  ########
     ##        ##  ##     ## ##       ##     ##  ##   ##  ##       ##
     ######    ##  ########  ######   ########  #########  ######  ######
     ##        ##  ##    ##  ##       ##     ## ##     ##       ## ##
     ##       #### ##     ## ######## ########  ##     ##  ######  ########

You're about to initialize a Firebase project in this directory:

  C:\Users\Chisom\documents\eden\my codes\unique

[debug] [2025-08-14T15:49:35.453Z] ExitPromptError: User force closed the prompt with SIGINT
    at Interface.sigint (C:\Users\Chisom\AppData\Roaming\npm\node_modules\firebase-tools\node_modules\@inquirer\core\dist\commonjs\lib\create-prompt.js:101:37)
    at Interface.emit (node:events:518:28)
    at Interface.emit (node:domain:489:12)
    at [_ttyWrite] [as _ttyWrite] (node:internal/readline/interface:1128:18)
    at ReadStream.onkeypress (node:internal/readline/interface:267:20)
    at ReadStream.emit (node:events:530:35)
    at ReadStream.emit (node:domain:489:12)
    at emitKeys (node:internal/readline/utils:370:14)
    at emitKeys.next (<anonymous>)
    at ReadStream.onData (node:internal/readline/emitKeypressEvents:64:36)
[error] 
[error] Error: An unexpected error has occurred.
